Determining if the pthread_create exist failed with the following output:
Change Dir: /home/santi/Escritorio/Ingenieria/2019/1er cuat/Taller de programacion I/tps/tp2/cmake-build-debug/CMakeFiles/CMakeTmp

Run Build Command:"/usr/bin/make" "cmTC_92f5d/fast"
/usr/bin/make -f CMakeFiles/cmTC_92f5d.dir/build.make CMakeFiles/cmTC_92f5d.dir/build
make[1]: se entra en el directorio '/home/santi/Escritorio/Ingenieria/2019/1er cuat/Taller de programacion I/tps/tp2/cmake-build-debug/CMakeFiles/CMakeTmp'
Building C object CMakeFiles/cmTC_92f5d.dir/CheckSymbolExists.c.o
/usr/bin/cc    -o CMakeFiles/cmTC_92f5d.dir/CheckSymbolExists.c.o   -c "/home/santi/Escritorio/Ingenieria/2019/1er cuat/Taller de programacion I/tps/tp2/cmake-build-debug/CMakeFiles/CMakeTmp/CheckSymbolExists.c"
Linking C executable cmTC_92f5d
/home/santi/clion-2018.3.4/bin/cmake/linux/bin/cmake -E cmake_link_script CMakeFiles/cmTC_92f5d.dir/link.txt --verbose=1
/usr/bin/cc      CMakeFiles/cmTC_92f5d.dir/CheckSymbolExists.c.o  -o cmTC_92f5d 
CMakeFiles/cmTC_92f5d.dir/CheckSymbolExists.c.o: En la función `main':
CheckSymbolExists.c:(.text+0x1b): referencia a `pthread_create' sin definir
collect2: error: ld returned 1 exit status
CMakeFiles/cmTC_92f5d.dir/build.make:86: recipe for target 'cmTC_92f5d' failed
make[1]: *** [cmTC_92f5d] Error 1
make[1]: se sale del directorio '/home/santi/Escritorio/Ingenieria/2019/1er cuat/Taller de programacion I/tps/tp2/cmake-build-debug/CMakeFiles/CMakeTmp'
Makefile:121: recipe for target 'cmTC_92f5d/fast' failed
make: *** [cmTC_92f5d/fast] Error 2

File /home/santi/Escritorio/Ingenieria/2019/1er cuat/Taller de programacion I/tps/tp2/cmake-build-debug/CMakeFiles/CMakeTmp/CheckSymbolExists.c:
/* */
#include <pthread.h>

int main(int argc, char** argv)
{
  (void)argv;
#ifndef pthread_create
  return ((int*)(&pthread_create))[argc];
#else
  (void)argc;
  return 0;
#endif
}

