==00:00:00:00.000 7408== Memcheck, a memory error detector
==00:00:00:00.000 7408== Copyright (C) 2002-2017, and GNU GPL'd, by Julian Seward et al.
==00:00:00:00.000 7408== Using Valgrind-3.13.0 and LibVEX; rerun with -h for copyright info
==00:00:00:00.000 7408== Command: cat __stdin__2
==00:00:00:00.000 7408== Parent PID: 7406
==00:00:00:00.000 7408== 
==00:00:00:00.469 7408== 
==00:00:00:00.469 7408== FILE DESCRIPTORS: 2 open at exit.
==00:00:00:00.469 7408== Open file descriptor 3: /home/santi/Escritorio/Ingenieria/2019/1er cuat/Taller de programacion I/tps/tp2/pruebas/A lot of hello worlds/entrada/valgrind.out
==00:00:00:00.469 7408==    <inherited from parent>
==00:00:00:00.469 7408== 
==00:00:00:00.469 7408== Open file descriptor 0: /dev/pts/6
==00:00:00:00.469 7408==    <inherited from parent>
==00:00:00:00.469 7408== 
==00:00:00:00.469 7408== 
==00:00:00:00.469 7408== HEAP SUMMARY:
==00:00:00:00.469 7408==     in use at exit: 0 bytes in 0 blocks
==00:00:00:00.469 7408==   total heap usage: 31 allocs, 31 frees, 139,232 bytes allocated
==00:00:00:00.469 7408== 
==00:00:00:00.469 7408== All heap blocks were freed -- no leaks are possible
==00:00:00:00.469 7408== 
==00:00:00:00.469 7408== For counts of detected and suppressed errors, rerun with: -v
==00:00:00:00.469 7408== ERROR SUMMARY: 0 errors from 0 contexts (suppressed: 0 from 0)
[SERCOM] Summary
[SERCOM] Command Line: /usr/bin/valgrind --tool=memcheck --trace-children=yes --track-fds=yes --time-stamp=yes --num-callers=20 --error-exitcode=42 --leak-check=full --leak-resolution=med --log-file=valgrind.out --show-reachable=yes --suppressions=suppressions.txt
[SERCOM] Error code configured for Valgrind: 42.
[SERCOM] Valgrind execution result: 0.
[SERCOM] Valgrind result: Success.
